<?xml version="1.0" encoding="UTF-8"?>
<!-- Generated by org.testng.reporters.JUnitReportReporter -->
<testsuite hostname="DESKTOP-CL8QTLN" failures="0" tests="1" name="test.TESTLoginActitime" time="12.195" errors="0" timestamp="2021-07-08T20:44:45 IST" skipped="0">
  <testcase classname="test.TESTLoginActitime" name="login" time="12.195"/>
  <system-out/>
</testsuite> <!-- test.TESTLoginActitime -->
