<?xml version="1.0" encoding="UTF-8"?>
<!-- Generated by org.testng.reporters.JUnitReportReporter -->
<testsuite hostname="DESKTOP-CL8QTLN" failures="0" tests="1" name="test.TESTLoginActitime" time="13.767" errors="0" timestamp="2021-07-09T19:01:44 IST" skipped="0">
  <testcase classname="test.TESTLoginActitime" name="login" time="13.767"/>
  <system-out/>
</testsuite> <!-- test.TESTLoginActitime -->
