<?xml version="1.0" encoding="UTF-8"?>
<!-- Generated by org.testng.reporters.JUnitReportReporter -->
<testsuite hostname="DESKTOP-CL8QTLN" failures="0" tests="1" name="test.TESTWorkPage" time="28.197" errors="0" timestamp="2021-07-08T20:44:45 IST" skipped="0">
  <testcase classname="test.TESTWorkPage" name="work" time="28.197"/>
  <system-out/>
</testsuite> <!-- test.TESTWorkPage -->
