<?xml version="1.0" encoding="UTF-8"?>
<!-- Generated by org.testng.reporters.JUnitReportReporter -->
<testsuite hostname="DESKTOP-CL8QTLN" failures="0" tests="1" name="test.TESTWorkPage" time="35.944" errors="0" timestamp="2021-07-09T19:01:44 IST" skipped="0">
  <testcase classname="test.TESTWorkPage" name="work" time="35.944"/>
  <system-out/>
</testsuite> <!-- test.TESTWorkPage -->
